<?xml version="1.0" encoding="UTF-8"?>
<!-- Generated by org.testng.reporters.JUnitReportReporter -->
<testsuite hostname="Saravanans-MacBook-Pro.local" failures="0" tests="2" name="qaclickacademy.mavenjava.SeleniumTest" time="0.000" errors="0" timestamp="2 Jun 2020 21:19:10 GMT">
  <testcase classname="qaclickacademy.mavenjava.SeleniumTest" name="elementsUI" time="0.000"/>
  <testcase classname="qaclickacademy.mavenjava.SeleniumTest" name="Browserautomation" time="0.000"/>
</testsuite> <!-- qaclickacademy.mavenjava.SeleniumTest -->
