<?xml version="1.0" encoding="UTF-8"?>
<!-- Generated by org.testng.reporters.JUnitReportReporter -->
<testsuite hostname="Saravanans-MacBook-Pro.local" failures="0" tests="2" name="qaclickacademy.mavenjava.AppiumTest" time="0.001" errors="0" timestamp="2 Jun 2020 21:19:10 GMT">
  <testcase classname="qaclickacademy.mavenjava.AppiumTest" name="IOSApp" time="0.001"/>
  <testcase classname="qaclickacademy.mavenjava.AppiumTest" name="nativeappAnroid" time="0.000"/>
</testsuite> <!-- qaclickacademy.mavenjava.AppiumTest -->
