<?xml version="1.0" encoding="UTF-8"?>
<!-- Generated by org.testng.reporters.JUnitReportReporter -->
<testsuite hostname="Saravanans-MacBook-Pro.local" failures="0" tests="2" name="qaclickacademy.mavenjava.RestAPITest" time="0.006" errors="0" timestamp="2 Jun 2020 21:19:10 GMT">
  <testcase classname="qaclickacademy.mavenjava.RestAPITest" name="deleteTwitter" time="0.006"/>
  <testcase classname="qaclickacademy.mavenjava.RestAPITest" name="postJira" time="0.000"/>
</testsuite> <!-- qaclickacademy.mavenjava.RestAPITest -->
